<?xml version="1.0" encoding="UTF-8"?>
<!-- Generated by org.testng.reporters.JUnitReportReporter -->
<testsuite skipped="0" hostname="LAPTOP-8R6AEQIU" name="quickbooks.QBItemssync" tests="1" failures="0" timestamp="2022-09-02T16:26:26 EDT" time="16.322" errors="0">
  <testcase name="qbdsync" time="16.322" classname="quickbooks.QBItemssync"/>
  <system-out/>
</testsuite> <!-- quickbooks.QBItemssync -->
