<?xml version="1.0" encoding="UTF-8"?>
<!-- Generated by org.testng.reporters.JUnitReportReporter -->
<testsuite skipped="0" hostname="LAPTOP-8R6AEQIU" name="selenium.Items" tests="1" failures="0" timestamp="2022-04-10T20:41:08 EDT" time="22.854" errors="0">
  <testcase name="Item" time="22.854" classname="selenium.Items"/>
  <system-out/>
</testsuite> <!-- selenium.Items -->
