<?xml version="1.0" encoding="UTF-8"?>
<!-- Generated by org.testng.reporters.JUnitReportReporter -->
<testsuite skipped="0" hostname="LAPTOP-8R6AEQIU" name="accountspayable.CreateBill" tests="1" failures="0" timestamp="2022-09-12T15:34:54 EDT" time="45.902" errors="0">
  <testcase name="createbill" time="45.902" classname="accountspayable.CreateBill"/>
  <system-out/>
</testsuite> <!-- accountspayable.CreateBill -->
