<?xml version="1.0" encoding="UTF-8"?>
<!-- Generated by org.testng.reporters.JUnitReportReporter -->
<testsuite skipped="0" hostname="LAPTOP-8R6AEQIU" name="selenium.Reports" tests="1" failures="0" timestamp="2022-06-13T13:09:32 EDT" time="31.160" errors="0">
  <testcase name="reports" time="31.160" classname="selenium.Reports"/>
  <system-out/>
</testsuite> <!-- selenium.Reports -->
