<?xml version="1.0" encoding="UTF-8"?>
<!-- Generated by org.testng.reporters.JUnitReportReporter -->
<testsuite skipped="0" hostname="LAPTOP-8R6AEQIU" name="selenium.Reports" tests="1" failures="0" timestamp="2022-04-22T15:18:48 EDT" time="29.630" errors="0">
  <testcase name="reports" time="29.630" classname="selenium.Reports"/>
  <system-out/>
</testsuite> <!-- selenium.Reports -->
