<?xml version="1.0" encoding="UTF-8"?>
<!-- Generated by org.testng.reporters.JUnitReportReporter -->
<testsuite skipped="0" hostname="LAPTOP-8R6AEQIU" name="accountspayable.Uploadbills" tests="1" failures="0" timestamp="2022-09-12T15:34:54 EDT" time="18.572" errors="0">
  <testcase name="upload" time="18.572" classname="accountspayable.Uploadbills"/>
  <system-out/>
</testsuite> <!-- accountspayable.Uploadbills -->
