<?xml version="1.0" encoding="UTF-8"?>
<!-- Generated by org.testng.reporters.JUnitReportReporter -->
<testsuite skipped="0" hostname="LAPTOP-8R6AEQIU" name="users.Adduser" tests="1" failures="0" timestamp="2022-09-12T15:34:54 EDT" time="14.045" errors="0">
  <testcase name="Addduser" time="14.045" classname="users.Adduser"/>
  <system-out/>
</testsuite> <!-- users.Adduser -->
