<?xml version="1.0" encoding="UTF-8"?>
<!-- Generated by org.testng.reporters.JUnitReportReporter -->
<testsuite skipped="0" hostname="LAPTOP-8R6AEQIU" name="selenium.AddBank" tests="1" failures="0" timestamp="2022-04-22T15:18:48 EDT" time="26.164" errors="0">
  <testcase name="Addbank" time="26.164" classname="selenium.AddBank"/>
  <system-out/>
</testsuite> <!-- selenium.AddBank -->
