<?xml version="1.0" encoding="UTF-8"?>
<!-- Generated by org.testng.reporters.JUnitReportReporter -->
<testsuite skipped="0" hostname="LAPTOP-8R6AEQIU" name="selenium.Addcustomer" tests="1" failures="0" timestamp="2022-04-13T10:30:14 EDT" time="25.262" errors="0">
  <testcase name="addcustomer" time="25.262" classname="selenium.Addcustomer"/>
  <system-out/>
</testsuite> <!-- selenium.Addcustomer -->
