<?xml version="1.0" encoding="UTF-8"?>
<!-- Generated by org.testng.reporters.JUnitReportReporter -->
<testsuite skipped="0" hostname="LAPTOP-8R6AEQIU" name="selenium.LoginTest" tests="1" failures="0" timestamp="2022-09-12T15:34:54 EDT" time="12.110" errors="0">
  <testcase name="login" time="12.110" classname="selenium.LoginTest"/>
  <system-out/>
</testsuite> <!-- selenium.LoginTest -->
