<?xml version="1.0" encoding="UTF-8"?>
<!-- Generated by org.testng.reporters.JUnitReportReporter -->
<testsuite skipped="0" hostname="LAPTOP-8R6AEQIU" name="selenium.datepicker" tests="1" failures="0" timestamp="2022-04-04T14:15:39 EDT" time="16.975" errors="0">
  <testcase name="Datepicker" time="16.975" classname="selenium.datepicker"/>
  <system-out/>
</testsuite> <!-- selenium.datepicker -->
