<?xml version="1.0" encoding="UTF-8"?>
<!-- Generated by org.testng.reporters.JUnitReportReporter -->
<testsuite skipped="0" hostname="LAPTOP-8R6AEQIU" name="vccard.Virtualcard" tests="1" failures="0" timestamp="2022-09-12T15:34:54 EDT" time="14.255" errors="0">
  <testcase name="vccard" time="14.255" classname="vccard.Virtualcard"/>
  <system-out/>
</testsuite> <!-- vccard.Virtualcard -->
