<?xml version="1.0" encoding="UTF-8"?>
<!-- Generated by org.testng.reporters.JUnitReportReporter -->
<testsuite skipped="0" hostname="LAPTOP-8R6AEQIU" name="selenium.CreateBill" tests="1" failures="0" timestamp="2022-06-08T14:03:47 EDT" time="43.038" errors="0">
  <testcase name="createbill" time="43.038" classname="selenium.CreateBill"/>
  <system-out/>
</testsuite> <!-- selenium.CreateBill -->
