<?xml version="1.0" encoding="UTF-8"?>
<!-- Generated by org.testng.reporters.JUnitReportReporter -->
<testsuite skipped="0" hostname="LAPTOP-8R6AEQIU" name="accounting.Accounting" tests="1" failures="0" timestamp="2022-09-12T15:34:54 EDT" time="15.379" errors="0">
  <testcase name="Account" time="15.379" classname="accounting.Accounting"/>
  <system-out/>
</testsuite> <!-- accounting.Accounting -->
