<?xml version="1.0" encoding="UTF-8"?>
<!-- Generated by org.testng.reporters.JUnitReportReporter -->
<testsuite skipped="0" hostname="LAPTOP-8R6AEQIU" name="quickbooks.Qbinvoicesync" tests="1" failures="0" timestamp="2022-09-02T16:07:19 EDT" time="15.984" errors="0">
  <testcase name="qbdsync" time="15.984" classname="quickbooks.Qbinvoicesync"/>
  <system-out/>
</testsuite> <!-- quickbooks.Qbinvoicesync -->
