<?xml version="1.0" encoding="UTF-8"?>
<!-- Generated by org.testng.reporters.JUnitReportReporter -->
<testsuite skipped="0" hostname="LAPTOP-8R6AEQIU" name="QBDsync" tests="1" failures="0" timestamp="2022-09-02T14:03:07 EDT" time="16.503" errors="0">
  <testcase name="qbdsync" time="16.503" classname="QBDsync"/>
  <system-out/>
</testsuite> <!-- QBDsync -->
