<?xml version="1.0" encoding="UTF-8"?>
<!-- Generated by org.testng.reporters.JUnitReportReporter -->
<testsuite skipped="0" hostname="LAPTOP-8R6AEQIU" name="selenium.Scannedpendingverification" tests="1" failures="0" timestamp="2022-06-08T10:13:01 EDT" time="19.644" errors="0">
  <testcase name="pendingverification" time="19.644" classname="selenium.Scannedpendingverification"/>
  <system-out/>
</testsuite> <!-- selenium.Scannedpendingverification -->
