<?xml version="1.0" encoding="UTF-8"?>
<!-- Generated by org.testng.reporters.JUnitReportReporter -->
<testsuite skipped="0" hostname="LAPTOP-8R6AEQIU" name="selenium.Salestax" tests="1" failures="0" timestamp="2022-04-13T10:23:58 EDT" time="12.642" errors="0">
  <testcase name="sales" time="12.642" classname="selenium.Salestax"/>
  <system-out/>
</testsuite> <!-- selenium.Salestax -->
