<?xml version="1.0" encoding="UTF-8"?>
<!-- Generated by org.testng.reporters.JUnitReportReporter -->
<testsuite skipped="0" hostname="LAPTOP-8R6AEQIU" name="quickbooks.QbdAccountingsync" tests="1" failures="0" timestamp="2022-09-02T16:22:28 EDT" time="11.560" errors="0">
  <testcase name="Account" time="11.560" classname="quickbooks.QbdAccountingsync"/>
  <system-out/>
</testsuite> <!-- quickbooks.QbdAccountingsync -->
