<?xml version="1.0" encoding="UTF-8"?>
<!-- Generated by org.testng.reporters.JUnitReportReporter -->
<testsuite skipped="0" hostname="LAPTOP-8R6AEQIU" name="selenium.Billpayment" tests="2" failures="0" timestamp="2022-04-13T10:49:02 EDT" time="25.619" errors="0">
  <testcase name="login" time="11.447" classname="selenium.Billpayment"/>
  <system-out/>
  <testcase name="Billpay" time="14.172" classname="selenium.Billpayment"/>
  <system-out/>
</testsuite> <!-- selenium.Billpayment -->
