<?xml version="1.0" encoding="UTF-8"?>
<!-- Generated by org.testng.reporters.JUnitReportReporter -->
<testsuite skipped="0" hostname="LAPTOP-8R6AEQIU" name="accountsrecievable.Createinvoicenonqb" tests="1" failures="0" timestamp="2022-09-06T14:34:22 EDT" time="43.203" errors="0">
  <testcase name="createinvoice" time="43.203" classname="accountsrecievable.Createinvoicenonqb"/>
  <system-out/>
</testsuite> <!-- accountsrecievable.Createinvoicenonqb -->
