<?xml version="1.0" encoding="UTF-8"?>
<!-- Generated by org.testng.reporters.JUnitReportReporter -->
<testsuite skipped="0" hostname="LAPTOP-8R6AEQIU" name="quickbooks.QBSalestaxsync" tests="1" failures="0" timestamp="2022-09-02T16:29:37 EDT" time="11.361" errors="0">
  <testcase name="salestax" time="11.361" classname="quickbooks.QBSalestaxsync"/>
  <system-out/>
</testsuite> <!-- quickbooks.QBSalestaxsync -->
