<?xml version="1.0" encoding="UTF-8"?>
<!-- Generated by org.testng.reporters.JUnitReportReporter -->
<testsuite skipped="0" hostname="LAPTOP-8R6AEQIU" name="vendors.Addvendor" tests="1" failures="0" timestamp="2022-09-12T15:34:54 EDT" time="21.334" errors="0">
  <testcase name="Addvendor" time="21.334" classname="vendors.Addvendor"/>
  <system-out/>
</testsuite> <!-- vendors.Addvendor -->
