<?xml version="1.0" encoding="UTF-8"?>
<!-- Generated by org.testng.reporters.JUnitReportReporter -->
<testsuite skipped="0" hostname="LAPTOP-8R6AEQIU" name="selenium.LoginTest" tests="1" failures="0" timestamp="2022-04-13T10:22:47 EDT" time="11.430" errors="0">
  <testcase name="login" time="11.430" classname="selenium.LoginTest"/>
  <system-out/>
</testsuite> <!-- selenium.LoginTest -->
