<?xml version="1.0" encoding="UTF-8"?>
<!-- Generated by org.testng.reporters.JUnitReportReporter -->
<testsuite skipped="0" hostname="LAPTOP-8R6AEQIU" name="Bank.AddBank" tests="1" failures="0" timestamp="2022-09-12T15:34:54 EDT" time="24.258" errors="0">
  <testcase name="Addbank" time="24.258" classname="Bank.AddBank"/>
  <system-out/>
</testsuite> <!-- Bank.AddBank -->
