<?xml version="1.0" encoding="UTF-8"?>
<!-- Generated by org.testng.reporters.JUnitReportReporter -->
<testsuite skipped="0" hostname="LAPTOP-8R6AEQIU" name="selenium.CreateInvoice" tests="1" failures="0" timestamp="2022-06-08T13:32:40 EDT" time="47.002" errors="0">
  <testcase name="createinvoice" time="47.002" classname="selenium.CreateInvoice"/>
  <system-out/>
</testsuite> <!-- selenium.CreateInvoice -->
