<?xml version="1.0" encoding="UTF-8"?>
<!-- Generated by org.testng.reporters.JUnitReportReporter -->
<testsuite skipped="0" hostname="LAPTOP-8R6AEQIU" name="selenium.Tc001" tests="1" failures="0" timestamp="2022-04-25T13:27:55 EDT" time="0.009" errors="0">
  <testcase name="test" time="0.009" classname="selenium.Tc001"/>
  <system-out/>
</testsuite> <!-- selenium.Tc001 -->
