<?xml version="1.0" encoding="UTF-8"?>
<!-- Generated by org.testng.reporters.JUnitReportReporter -->
<testsuite skipped="0" hostname="LAPTOP-8R6AEQIU" name="selenium.Addvendor" tests="1" failures="0" timestamp="2022-04-22T15:18:48 EDT" time="20.626" errors="0">
  <testcase name="Addvendor" time="20.626" classname="selenium.Addvendor"/>
  <system-out/>
</testsuite> <!-- selenium.Addvendor -->
