<?xml version="1.0" encoding="UTF-8"?>
<!-- Generated by org.testng.reporters.JUnitReportReporter -->
<testsuite skipped="0" hostname="LAPTOP-8R6AEQIU" name="QBVendorsync" tests="1" failures="0" timestamp="2022-09-02T14:08:53 EDT" time="16.217" errors="0">
  <testcase name="qbdsync" time="16.217" classname="QBVendorsync"/>
  <system-out/>
</testsuite> <!-- QBVendorsync -->
