<?xml version="1.0" encoding="UTF-8"?>
<!-- Generated by org.testng.reporters.JUnitReportReporter -->
<testsuite skipped="0" hostname="LAPTOP-8R6AEQIU" name="customers.Addcustomer" tests="1" failures="0" timestamp="2022-09-12T15:34:54 EDT" time="20.440" errors="0">
  <testcase name="addcustomer" time="20.440" classname="customers.Addcustomer"/>
  <system-out/>
</testsuite> <!-- customers.Addcustomer -->
