<?xml version="1.0" encoding="UTF-8"?>
<!-- Generated by org.testng.reporters.JUnitReportReporter -->
<testsuite skipped="0" hostname="LAPTOP-8R6AEQIU" name="selenium.AdminLoginTest" tests="1" failures="0" timestamp="2022-05-25T15:48:21 EDT" time="5.018" errors="0">
  <testcase name="Adminlogin" time="5.018" classname="selenium.AdminLoginTest"/>
  <system-out/>
</testsuite> <!-- selenium.AdminLoginTest -->
