<?xml version="1.0" encoding="UTF-8"?>
<!-- Generated by org.testng.reporters.JUnitReportReporter -->
<testsuite skipped="0" hostname="LAPTOP-8R6AEQIU" name="selenium.TranscationHistory" tests="1" failures="0" timestamp="2022-06-13T13:09:32 EDT" time="15.770" errors="0">
  <testcase name="Datepicker" time="15.770" classname="selenium.TranscationHistory"/>
  <system-out/>
</testsuite> <!-- selenium.TranscationHistory -->
