<?xml version="1.0" encoding="UTF-8"?>
<!-- Generated by org.testng.reporters.JUnitReportReporter -->
<testsuite skipped="0" hostname="LAPTOP-8R6AEQIU" name="selenium.Adduser" tests="1" failures="0" timestamp="2022-04-22T15:18:48 EDT" time="14.007" errors="0">
  <testcase name="Addduser" time="14.007" classname="selenium.Adduser"/>
  <system-out/>
</testsuite> <!-- selenium.Adduser -->
