<?xml version="1.0" encoding="UTF-8"?>
<!-- Generated by org.testng.reporters.JUnitReportReporter -->
<testsuite skipped="0" hostname="LAPTOP-8R6AEQIU" name="selenium.Uploadbills" tests="1" failures="0" timestamp="2022-06-13T13:32:01 EDT" time="18.273" errors="0">
  <testcase name="upload" time="18.273" classname="selenium.Uploadbills"/>
  <system-out/>
</testsuite> <!-- selenium.Uploadbills -->
