<?xml version="1.0" encoding="UTF-8"?>
<!-- Generated by org.testng.reporters.JUnitReportReporter -->
<testsuite skipped="0" hostname="LAPTOP-8R6AEQIU" name="selenium.Virtualcard" tests="1" failures="0" timestamp="2022-06-16T10:51:23 EDT" time="18.566" errors="0">
  <testcase name="vccard" time="18.566" classname="selenium.Virtualcard"/>
  <system-out/>
</testsuite> <!-- selenium.Virtualcard -->
