<?xml version="1.0" encoding="UTF-8"?>
<!-- Generated by org.testng.reporters.JUnitReportReporter -->
<testsuite skipped="0" hostname="LAPTOP-8R6AEQIU" name="sales.Salestax" tests="1" failures="0" timestamp="2022-09-12T15:34:54 EDT" time="12.313" errors="0">
  <testcase name="sales" time="12.313" classname="sales.Salestax"/>
  <system-out/>
</testsuite> <!-- sales.Salestax -->
