<?xml version="1.0" encoding="UTF-8"?>
<!-- Generated by org.testng.reporters.JUnitReportReporter -->
<testsuite skipped="0" hostname="LAPTOP-8R6AEQIU" name="selenium.Billing" tests="1" failures="0" timestamp="2022-04-11T22:33:06 EDT" time="12.467" errors="0">
  <testcase name="billing" time="12.467" classname="selenium.Billing"/>
  <system-out/>
</testsuite> <!-- selenium.Billing -->
