<?xml version="1.0" encoding="UTF-8"?>
<!-- Generated by org.testng.reporters.JUnitReportReporter -->
<testsuite skipped="0" hostname="LAPTOP-8R6AEQIU" name="selenium.InvoicePayment" tests="1" failures="0" timestamp="2022-04-25T13:53:09 EDT" time="35.461" errors="0">
  <testcase name="invoice" time="35.461" classname="selenium.InvoicePayment"/>
  <system-out/>
</testsuite> <!-- selenium.InvoicePayment -->
