<?xml version="1.0" encoding="UTF-8"?>
<!-- Generated by org.testng.reporters.JUnitReportReporter -->
<testsuite skipped="0" hostname="LAPTOP-8R6AEQIU" name="selenium.CreateBill" tests="2" failures="0" timestamp="2022-04-22T15:18:48 EDT" time="23.058" errors="0">
  <testcase name="createbill" time="21.979" classname="selenium.CreateBill"/>
  <system-out/>
  <testcase name="invcedetails" time="1.079" classname="selenium.CreateBill"/>
  <system-out/>
</testsuite> <!-- selenium.CreateBill -->
