<?xml version="1.0" encoding="UTF-8"?>
<!-- Generated by org.testng.reporters.JUnitReportReporter -->
<testsuite skipped="0" hostname="LAPTOP-8R6AEQIU" name="selenium.Accounting" tests="1" failures="0" timestamp="2022-04-12T13:28:02 EDT" time="12.362" errors="0">
  <testcase name="Account" time="12.362" classname="selenium.Accounting"/>
  <system-out/>
</testsuite> <!-- selenium.Accounting -->
