<?xml version="1.0" encoding="UTF-8"?>
<!-- Generated by org.testng.reporters.JUnitReportReporter -->
<testsuite skipped="0" hostname="LAPTOP-8R6AEQIU" name="vendors.Rapidpay" tests="1" failures="0" timestamp="2022-09-12T15:34:54 EDT" time="36.557" errors="0">
  <testcase name="Rapid" time="36.557" classname="vendors.Rapidpay"/>
  <system-out/>
</testsuite> <!-- vendors.Rapidpay -->
