<?xml version="1.0" encoding="UTF-8"?>
<!-- Generated by org.testng.reporters.JUnitReportReporter -->
<testsuite skipped="0" hostname="LAPTOP-8R6AEQIU" name="quickbooks.QBBANksync" tests="1" failures="0" timestamp="2022-09-13T10:52:49 EDT" time="23.254" errors="0">
  <testcase name="Addbank" time="23.254" classname="quickbooks.QBBANksync"/>
  <system-out/>
</testsuite> <!-- quickbooks.QBBANksync -->
