<?xml version="1.0" encoding="UTF-8"?>
<!-- Generated by org.testng.reporters.JUnitReportReporter -->
<testsuite skipped="0" hostname="LAPTOP-8R6AEQIU" name="selenium.InvoicePayment" tests="1" failures="0" timestamp="2022-04-13T11:13:45 EDT" time="34.288" errors="0">
  <testcase name="invoice" time="34.288" classname="selenium.InvoicePayment"/>
  <system-out/>
</testsuite> <!-- selenium.InvoicePayment -->
