<?xml version="1.0" encoding="UTF-8"?>
<!-- Generated by org.testng.reporters.JUnitReportReporter -->
<testsuite skipped="0" hostname="LAPTOP-8R6AEQIU" name="aworkflow.TC_002" tests="1" failures="0" timestamp="2022-06-16T10:37:50 EDT" time="15.775" errors="0">
  <testcase name="workflowtest2" time="15.775" classname="aworkflow.TC_002"/>
  <system-out/>
</testsuite> <!-- aworkflow.TC_002 -->
