<?xml version="1.0" encoding="UTF-8"?>
<!-- Generated by org.testng.reporters.JUnitReportReporter -->
<testsuite skipped="0" hostname="LAPTOP-8R6AEQIU" name="items.Items" tests="1" failures="0" timestamp="2022-09-12T15:41:29 EDT" time="24.501" errors="0">
  <testcase name="Item" time="24.501" classname="items.Items"/>
  <system-out/>
</testsuite> <!-- items.Items -->
