<?xml version="1.0" encoding="UTF-8"?>
<!-- Generated by org.testng.reporters.JUnitReportReporter -->
<testsuite skipped="0" hostname="LAPTOP-8R6AEQIU" name="selenium.Billing" tests="1" failures="0" timestamp="2022-04-22T15:18:48 EDT" time="11.776" errors="0">
  <testcase name="billing" time="11.776" classname="selenium.Billing"/>
  <system-out/>
</testsuite> <!-- selenium.Billing -->
