<?xml version="1.0" encoding="UTF-8"?>
<!-- Generated by org.testng.reporters.JUnitReportReporter -->
<testsuite skipped="0" hostname="LAPTOP-8R6AEQIU" name="quickbooks.QBSyncTAb" tests="1" failures="0" timestamp="2022-09-02T16:55:39 EDT" time="73.873" errors="0">
  <testcase name="synctab" time="73.873" classname="quickbooks.QBSyncTAb"/>
  <system-out/>
</testsuite> <!-- quickbooks.QBSyncTAb -->
