<?xml version="1.0" encoding="UTF-8"?>
<!-- Generated by org.testng.reporters.JUnitReportReporter -->
<testsuite skipped="0" hostname="LAPTOP-8R6AEQIU" name="reports.Reports" tests="1" failures="0" timestamp="2022-09-12T15:34:54 EDT" time="29.812" errors="0">
  <testcase name="reports" time="29.812" classname="reports.Reports"/>
  <system-out/>
</testsuite> <!-- reports.Reports -->
