<?xml version="1.0" encoding="UTF-8"?>
<!-- Generated by org.testng.reporters.JUnitReportReporter -->
<testsuite skipped="0" hostname="LAPTOP-8R6AEQIU" name="selenium.Items" tests="1" failures="0" timestamp="2022-04-22T15:30:37 EDT" time="23.027" errors="0">
  <testcase name="Item" time="23.027" classname="selenium.Items"/>
  <system-out/>
</testsuite> <!-- selenium.Items -->
