<?xml version="1.0" encoding="UTF-8"?>
<!-- Generated by org.testng.reporters.JUnitReportReporter -->
<testsuite skipped="0" hostname="LAPTOP-8R6AEQIU" name="selenium.AddBank" tests="1" failures="0" timestamp="2022-04-13T10:27:48 EDT" time="26.835" errors="0">
  <testcase name="Addbank" time="26.835" classname="selenium.AddBank"/>
  <system-out/>
</testsuite> <!-- selenium.AddBank -->
