<?xml version="1.0" encoding="UTF-8"?>
<!-- Generated by org.testng.reporters.JUnitReportReporter -->
<testsuite skipped="0" hostname="LAPTOP-8R6AEQIU" name="aworkflow.Tc_001" tests="1" failures="0" timestamp="2022-06-16T10:35:05 EDT" time="12.781" errors="0">
  <testcase name="workflowtest1" time="12.781" classname="aworkflow.Tc_001"/>
  <system-out/>
</testsuite> <!-- aworkflow.Tc_001 -->
