<?xml version="1.0" encoding="UTF-8"?>
<!-- Generated by org.testng.reporters.JUnitReportReporter -->
<testsuite skipped="0" hostname="LAPTOP-8R6AEQIU" name="selenium.Billpayment" tests="2" failures="0" timestamp="2022-04-22T15:18:48 EDT" time="23.569" errors="0">
  <testcase name="login" time="10.699" classname="selenium.Billpayment"/>
  <system-out/>
  <testcase name="Billpay" time="12.870" classname="selenium.Billpayment"/>
  <system-out/>
</testsuite> <!-- selenium.Billpayment -->
