<?xml version="1.0" encoding="UTF-8"?>
<!-- Generated by org.testng.reporters.JUnitReportReporter -->
<testsuite skipped="0" hostname="LAPTOP-8R6AEQIU" name="selenium.Accounting" tests="1" failures="0" timestamp="2022-06-13T13:09:32 EDT" time="14.784" errors="0">
  <testcase name="Account" time="14.784" classname="selenium.Accounting"/>
  <system-out/>
</testsuite> <!-- selenium.Accounting -->
